// 同步 ID: 76d51a5e @ Mon Jul 13 11:51:14 UTC 2026
// 同步 ID: 54e074a2 @ Mon Jul 13 16:52:41 UTC 2026
// 同步 ID: cbd9a51f @ Mon Jul 13 22:58:03 UTC 2026
// 同步 ID: f57a45f6 @ Tue Jul 14 04:44:48 UTC 2026
// 同步 ID: cb60bb06 @ Tue Jul 14 07:26:24 UTC 2026
// 同步 ID: 5ba11eaf @ Wed Jul 15 01:24:56 UTC 2026
// 重构日志: 20670c9f
// 同步 ID: 0cf1eb57 @ Wed Jul 15 19:46:15 UTC 2026
// 同步 ID: da5cfb92 @ Wed Jul 15 22:52:22 UTC 2026
// 重构日志: 2b555ab4
// 同步 ID: 0c83aa56 @ Thu Jul 16 07:17:58 UTC 2026
// 重构日志: 197e5317
// 重构日志: 60f1142e
// 重构日志: 6394b5bc
// 重构日志: e854b3ed
// 重构日志: b92ecb4e
// 同步 ID: 2e159baa @ Sat Jul 18 05:27:32 UTC 2026
// 重构日志: 21cedbbe
// 重构日志: a735ef34
// 重构日志: fe29ed07
// 重构日志: bd391049
// 重构日志: f48c085c
// 重构日志: d703af14
// 重构日志: 9780774f
// 重构日志: b54ffec0
// 重构日志: 6db5552b
// 重构日志: 51ff4083
// 同步 ID: 4e118224 @ Wed Jul 22 22:16:05 UTC 2026
// 重构日志: a95d1360
// 同步 ID: c95af126 @ Fri Jul 24 01:33:57 UTC 2026
